number,value,params_dropout,params_hidden_dim,params_learning_rate,params_num_layers,params_pred_len,params_seq_len,user_attrs_metrics_block,user_attrs_time_sec,state
0,35.59785795560992,0.17959754525911098,96,0.0029106359131330704,6,1,15,"{'MAE': 20.68144598061062, 'RMSE': 35.59785795560992, 'MAPE': 786659801.8751942}",16.111222505569458,COMPLETE
1,33.60288960660263,0.2598528437324805,64,0.00013066739238053285,1,1,15,"{'MAE': 23.326208993474722, 'RMSE': 33.60288960660263, 'MAPE': 971436202.3002661}",13.670134544372559,COMPLETE
2,33.79860651405023,0.29097295564859826,160,0.00010994335574766199,5,1,15,"{'MAE': 22.219034624256917, 'RMSE': 33.79860651405023, 'MAPE': 790947034.7377787}",59.555016040802,COMPLETE
3,35.1052774749866,0.055021352956030146,224,0.0002310201887845295,2,1,15,"{'MAE': 20.699271504728255, 'RMSE': 35.1052774749866, 'MAPE': 874705090.1950047}",22.62942600250244,COMPLETE
4,44.61503484992767,0.08736874205941257,96,0.0007309539835912913,4,1,15,"{'MAE': 20.121542800018368, 'RMSE': 44.61503484992767, 'MAPE': 815636377.8309569}",14.40686297416687,COMPLETE
5,29.528031085015797,0.1099085529881075,160,0.0003839629299804173,1,1,15,"{'MAE': 18.590641449636387, 'RMSE': 29.528031085015797, 'MAPE': 681883552.9770815}",16.58301091194153,COMPLETE
6,67.83391539015675,0.15427033152408348,128,0.00025081156860452336,5,1,15,"{'MAE': 25.898606227487548, 'RMSE': 67.83391539015675, 'MAPE': 1224637153.1896994}",22.652419090270996,COMPLETE
7,30.415173783565866,0.051157237106187456,160,0.0016409286730647919,1,1,15,"{'MAE': 18.42602180995793, 'RMSE': 30.415173783565866, 'MAPE': 726475360.2128005}",8.621785402297974,COMPLETE
8,46.058481502124955,0.24251920443493832,32,0.00853618986286683,6,1,15,"{'MAE': 31.44668876343889, 'RMSE': 46.058481502124955, 'MAPE': 1370873925.0963113}",5.622274875640869,COMPLETE
9,28.598222000138353,0.13204574812188039,96,0.0023359635026261607,1,1,15,"{'MAE': 17.811228255431818, 'RMSE': 28.598222000138353, 'MAPE': 623317631.632542}",4.937929153442383,COMPLETE
10,30.338481091908864,0.0053885626844459855,256,0.0050926544310684685,3,1,15,"{'MAE': 19.31660472786357, 'RMSE': 30.338481091908864, 'MAPE': 698506529.4810543}",6.943850517272949,COMPLETE
11,34.455164278141154,0.1140692501074404,192,0.0007006524581917545,2,1,15,"{'MAE': 20.273159840048855, 'RMSE': 34.455164278141154, 'MAPE': 822197019.2211883}",23.27785563468933,COMPLETE
12,32.099845332148625,0.18523634189790633,128,0.0011605061325789725,2,1,15,"{'MAE': 19.713444991174573, 'RMSE': 32.099845332148625, 'MAPE': 747989166.9393474}",9.343872547149658,COMPLETE
13,30.433749502780206,0.12840355383165694,192,0.0003647549311823706,1,1,15,"{'MAE': 19.310547508064033, 'RMSE': 30.433749502780206, 'MAPE': 783067471.4557582}",18.178195476531982,COMPLETE
14,27.811337865908197,0.21300495624689375,96,0.0025518372189565672,3,1,15,"{'MAE': 16.17132304979999, 'RMSE': 27.811337865908197, 'MAPE': 440939750.74858123}",9.772584915161133,COMPLETE
15,29.409534626570984,0.21684900020869324,32,0.0028409363276151872,3,1,15,"{'MAE': 17.006789535918195, 'RMSE': 29.409534626570984, 'MAPE': 546162755.3629873}",9.71726393699646,COMPLETE
16,30.580269169783318,0.2021592446821506,96,0.002357719069019168,4,1,15,"{'MAE': 18.129862022226604, 'RMSE': 30.580269169783318, 'MAPE': 577789240.9723057}",8.69123911857605,COMPLETE
17,27.77951792298388,0.15681274574019557,64,0.0053390375621314295,3,1,15,"{'MAE': 16.824789948276514, 'RMSE': 27.77951792298388, 'MAPE': 535619230.9223261}",5.17691969871521,COMPLETE
18,28.974377494705777,0.2339944175573378,64,0.009816907696777932,3,1,15,"{'MAE': 17.150201023705222, 'RMSE': 28.974377494705777, 'MAPE': 500690465.6539996}",6.6468987464904785,COMPLETE
19,29.818340043471622,0.16562868928359387,64,0.005025188360061768,4,1,15,"{'MAE': 17.38175024609574, 'RMSE': 29.818340043471622, 'MAPE': 524702557.01370865}",8.531936645507812,COMPLETE
20,31.816240343661054,0.28942714739764297,32,0.004941234930011255,3,1,15,"{'MAE': 17.317057718662845, 'RMSE': 31.816240343661054, 'MAPE': 600439726.6085546}",9.633745908737183,COMPLETE
21,28.506615840220963,0.13189136325791997,96,0.0015107653087335614,2,1,15,"{'MAE': 17.972405106595495, 'RMSE': 28.506615840220963, 'MAPE': 653113820.3755137}",7.58711576461792,COMPLETE
22,32.23613002773054,0.20137454853054038,64,0.0014983880254088014,2,1,15,"{'MAE': 20.433085883709, 'RMSE': 32.23613002773054, 'MAPE': 771962609.276704}",9.035174131393433,COMPLETE
23,30.49808983972945,0.08251219104371518,128,0.0036762856660112865,2,1,15,"{'MAE': 20.195627467093107, 'RMSE': 30.49808983972945, 'MAPE': 821553062.4253612}",4.808168888092041,COMPLETE
24,29.56556744258709,0.1470579515561339,96,0.006967071061330819,3,1,15,"{'MAE': 18.34171248742617, 'RMSE': 29.56556744258709, 'MAPE': 706065556.5805395}",6.0749218463897705,COMPLETE
25,41.0520111300433,0.17303555586546646,64,0.0017389929268689637,4,1,15,"{'MAE': 20.898424505645988, 'RMSE': 41.0520111300433, 'MAPE': 847960835.9487888}",12.436505556106567,COMPLETE
26,29.43080542953229,0.2649163394749165,128,0.0010139427152928513,2,1,15,"{'MAE': 18.913634960157317, 'RMSE': 29.43080542953229, 'MAPE': 766396460.8634031}",8.44324278831482,COMPLETE
27,29.991043358477157,0.21945362636401272,96,0.0036136822070047814,3,1,15,"{'MAE': 17.39362440206958, 'RMSE': 29.991043358477157, 'MAPE': 551497918.0680946}",8.963029384613037,COMPLETE
28,39.31823486090679,0.14080388032907884,32,0.0006816267326245378,5,1,15,"{'MAE': 22.939771992093284, 'RMSE': 39.31823486090679, 'MAPE': 884563257.1902668}",18.129810333251953,COMPLETE
29,31.82806151920305,0.18760389865587268,96,0.0037346742570883835,2,1,15,"{'MAE': 20.507221352956027, 'RMSE': 31.82806151920305, 'MAPE': 881859102.9130087}",5.80098032951355,COMPLETE
